0 info it worked if it ends with ok
1 verbose cli [ '/usr/local/Cellar/node/7.7.4/bin/node',
1 verbose cli   '/usr/local/bin/npm',
1 verbose cli   'run',
1 verbose cli   'gulp',
1 verbose cli   'babel' ]
2 info using npm@4.1.2
3 info using node@v7.7.4
4 verbose run-script [ 'pregulp', 'gulp', 'postgulp' ]
5 info lifecycle simple-blog-frontend-jade@1.0.0~pregulp: simple-blog-frontend-jade@1.0.0
6 silly lifecycle simple-blog-frontend-jade@1.0.0~pregulp: no script for pregulp, continuing
7 info lifecycle simple-blog-frontend-jade@1.0.0~gulp: simple-blog-frontend-jade@1.0.0
8 verbose lifecycle simple-blog-frontend-jade@1.0.0~gulp: unsafe-perm in lifecycle true
9 verbose lifecycle simple-blog-frontend-jade@1.0.0~gulp: PATH: /usr/local/lib/node_modules/npm/bin/node-gyp-bin:/Users/Dani/Projects/node/blog-frontend/node_modules/.bin:/Users/Dani/usr/local/bin:/Users/Dani/.composer/vendor/bin:/usr/local/sbin:/usr/local/bin:/usr/bin:/bin:/usr/sbin:/sbin
10 verbose lifecycle simple-blog-frontend-jade@1.0.0~gulp: CWD: /Users/Dani/Projects/node/blog-frontend
11 silly lifecycle simple-blog-frontend-jade@1.0.0~gulp: Args: [ '-c', 'gulp "babel"' ]
12 silly lifecycle simple-blog-frontend-jade@1.0.0~gulp: Returned: code: 1  signal: null
13 info lifecycle simple-blog-frontend-jade@1.0.0~gulp: Failed to exec gulp script
14 verbose stack Error: simple-blog-frontend-jade@1.0.0 gulp: `gulp "babel"`
14 verbose stack Exit status 1
14 verbose stack     at EventEmitter.<anonymous> (/usr/local/lib/node_modules/npm/lib/utils/lifecycle.js:279:16)
14 verbose stack     at emitTwo (events.js:106:13)
14 verbose stack     at EventEmitter.emit (events.js:194:7)
14 verbose stack     at ChildProcess.<anonymous> (/usr/local/lib/node_modules/npm/lib/utils/spawn.js:40:14)
14 verbose stack     at emitTwo (events.js:106:13)
14 verbose stack     at ChildProcess.emit (events.js:194:7)
14 verbose stack     at maybeClose (internal/child_process.js:899:16)
14 verbose stack     at Process.ChildProcess._handle.onexit (internal/child_process.js:226:5)
15 verbose pkgid simple-blog-frontend-jade@1.0.0
16 verbose cwd /Users/Dani/Projects/node/blog-frontend
17 error Darwin 16.7.0
18 error argv "/usr/local/Cellar/node/7.7.4/bin/node" "/usr/local/bin/npm" "run" "gulp" "babel"
19 error node v7.7.4
20 error npm  v4.1.2
21 error code ELIFECYCLE
22 error simple-blog-frontend-jade@1.0.0 gulp: `gulp "babel"`
22 error Exit status 1
23 error Failed at the simple-blog-frontend-jade@1.0.0 gulp script 'gulp "babel"'.
23 error Make sure you have the latest version of node.js and npm installed.
23 error If you do, this is most likely a problem with the simple-blog-frontend-jade package,
23 error not with npm itself.
23 error Tell the author that this fails on your system:
23 error     gulp "babel"
23 error You can get information on how to open an issue for this project with:
23 error     npm bugs simple-blog-frontend-jade
23 error Or if that isn't available, you can get their info via:
23 error     npm owner ls simple-blog-frontend-jade
23 error There is likely additional logging output above.
24 verbose exit [ 1, true ]
